2026/05/12 19:39:12 - mmengine - INFO - 
------------------------------------------------------------
System environment:
    sys.platform: linux
    Python: 3.8.20 (default, Oct  3 2024, 15:24:27) [GCC 11.2.0]
    CUDA available: True
    MUSA available: False
    numpy_random_seed: 292497466
    GPU 0: NVIDIA TITAN Xp
    CUDA_HOME: /usr/local/cuda
    NVCC: Cuda compilation tools, release 10.2, V10.2.8
    GCC: gcc (Ubuntu 7.5.0-3ubuntu1~18.04) 7.5.0
    PyTorch: 2.0.1+cu117
    PyTorch compiling details: PyTorch built with:
  - GCC 9.3
  - C++ Version: 201703
  - Intel(R) oneAPI Math Kernel Library Version 2022.2-Product Build 20220804 for Intel(R) 64 architecture applications
  - Intel(R) MKL-DNN v2.7.3 (Git Hash 6dbeffbae1f23cbbeae17adb7b5b13f1f37c080e)
  - OpenMP 201511 (a.k.a. OpenMP 4.5)
  - LAPACK is enabled (usually provided by MKL)
  - NNPACK is enabled
  - CPU capability usage: AVX2
  - CUDA Runtime 11.7
  - NVCC architecture flags: -gencode;arch=compute_37,code=sm_37;-gencode;arch=compute_50,code=sm_50;-gencode;arch=compute_60,code=sm_60;-gencode;arch=compute_70,code=sm_70;-gencode;arch=compute_75,code=sm_75;-gencode;arch=compute_80,code=sm_80;-gencode;arch=compute_86,code=sm_86
  - CuDNN 8.5
  - Magma 2.6.1
  - Build settings: BLAS_INFO=mkl, BUILD_TYPE=Release, CUDA_VERSION=11.7, CUDNN_VERSION=8.5.0, CXX_COMPILER=/opt/rh/devtoolset-9/root/usr/bin/c++, CXX_FLAGS= -D_GLIBCXX_USE_CXX11_ABI=0 -fabi-version=11 -Wno-deprecated -fvisibility-inlines-hidden -DUSE_PTHREADPOOL -DNDEBUG -DUSE_KINETO -DLIBKINETO_NOROCTRACER -DUSE_FBGEMM -DUSE_QNNPACK -DUSE_PYTORCH_QNNPACK -DUSE_XNNPACK -DSYMBOLICATE_MOBILE_DEBUG_HANDLE -O2 -fPIC -Wall -Wextra -Werror=return-type -Werror=non-virtual-dtor -Werror=bool-operation -Wnarrowing -Wno-missing-field-initializers -Wno-type-limits -Wno-array-bounds -Wno-unknown-pragmas -Wunused-local-typedefs -Wno-unused-parameter -Wno-unused-function -Wno-unused-result -Wno-strict-overflow -Wno-strict-aliasing -Wno-error=deprecated-declarations -Wno-stringop-overflow -Wno-psabi -Wno-error=pedantic -Wno-error=redundant-decls -Wno-error=old-style-cast -fdiagnostics-color=always -faligned-new -Wno-unused-but-set-variable -Wno-maybe-uninitialized -fno-math-errno -fno-trapping-math -Werror=format -Werror=cast-function-type -Wno-stringop-overflow, LAPACK_INFO=mkl, PERF_WITH_AVX=1, PERF_WITH_AVX2=1, PERF_WITH_AVX512=1, TORCH_DISABLE_GPU_ASSERTS=ON, TORCH_VERSION=2.0.1, USE_CUDA=ON, USE_CUDNN=ON, USE_EXCEPTION_PTR=1, USE_GFLAGS=OFF, USE_GLOG=OFF, USE_MKL=ON, USE_MKLDNN=ON, USE_MPI=OFF, USE_NCCL=1, USE_NNPACK=ON, USE_OPENMP=ON, USE_ROCM=OFF, 

    TorchVision: 0.15.2+cu117
    OpenCV: 4.13.0
    MMEngine: 0.10.7

Runtime environment:
    cudnn_benchmark: False
    dist_cfg: {'backend': 'nccl'}
    mp_cfg: {'mp_start_method': 'fork', 'opencv_num_threads': 0}
    seed: 292497466
    Distributed launcher: none
    Distributed training: False
    GPU number: 1
------------------------------------------------------------

2026/05/12 19:39:14 - mmengine - INFO - Config:
auto_scale_lr = dict(base_batch_size=16, enable=True)
backend_args = None
data_root = '/data/fxy_datasets/underwater_finalv1'
dataset_type = 'UnderwaterDataset'
default_hooks = dict(
    checkpoint=dict(interval=1, type='CheckpointHook'),
    logger=dict(interval=50, type='LoggerHook'),
    param_scheduler=dict(type='ParamSchedulerHook'),
    sampler_seed=dict(type='DistSamplerSeedHook'),
    timer=dict(type='IterTimerHook'),
    visualization=dict(type='DetVisualizationHook'))
default_scope = 'mmdet'
env_cfg = dict(
    cudnn_benchmark=False,
    dist_cfg=dict(backend='nccl'),
    mp_cfg=dict(mp_start_method='fork', opencv_num_threads=0))
launcher = 'none'
load_from = 'work_dirs/just_for_practice/epoch_12.pth'
log_level = 'INFO'
log_processor = dict(by_epoch=True, type='LogProcessor', window_size=50)
metainfo = dict(
    classes=(
        'echinoidea',
        'asteroidea',
        'holothuroidea',
        'fish',
        'anthozoa',
        'actiniaria',
        'jellyfish',
        'shrimp',
        'siphonophores',
        'scallop',
        'porifera',
        'brachyura',
    ),
    palette=[
        (
            220,
            20,
            60,
        ),
        (
            119,
            11,
            32,
        ),
        (
            0,
            0,
            142,
        ),
        (
            0,
            0,
            230,
        ),
        (
            106,
            0,
            228,
        ),
        (
            0,
            60,
            100,
        ),
        (
            0,
            80,
            100,
        ),
        (
            0,
            0,
            70,
        ),
        (
            0,
            0,
            192,
        ),
        (
            250,
            170,
            30,
        ),
        (
            100,
            170,
            30,
        ),
        (
            220,
            220,
            0,
        ),
    ])
model = dict(
    backbone=dict(
        dcn=dict(deform_groups=1, fallback_on_stride=False, type='DCNv2'),
        depth=50,
        frozen_stages=1,
        init_cfg=dict(checkpoint='torchvision://resnet50', type='Pretrained'),
        norm_cfg=dict(requires_grad=True, type='BN'),
        norm_eval=True,
        num_stages=4,
        out_indices=(
            0,
            1,
            2,
            3,
        ),
        stage_with_dcn=(
            False,
            False,
            True,
            True,
        ),
        style='pytorch',
        type='ResNet'),
    data_preprocessor=dict(
        bgr_to_rgb=True,
        mean=[
            123.675,
            116.28,
            103.53,
        ],
        pad_size_divisor=32,
        std=[
            58.395,
            57.12,
            57.375,
        ],
        type='DetDataPreprocessor'),
    neck=dict(
        add_extra_convs='on_input',
        in_channels=[
            256,
            512,
            1024,
            2048,
        ],
        num_outs=6,
        out_channels=256,
        start_level=0,
        type='FPN'),
    roi_head=dict(
        bbox_head=[
            dict(
                bbox_coder=dict(
                    target_means=[
                        0.0,
                        0.0,
                        0.0,
                        0.0,
                    ],
                    target_stds=[
                        0.1,
                        0.1,
                        0.2,
                        0.2,
                    ],
                    type='DeltaXYWHBBoxCoder'),
                fc_out_channels=1024,
                in_channels=256,
                loss_bbox=dict(beta=1.0, loss_weight=1.0, type='SmoothL1Loss'),
                loss_cls=dict(
                    loss_weight=1.0,
                    type='CrossEntropyLoss',
                    use_sigmoid=False),
                num_classes=12,
                reg_class_agnostic=True,
                roi_feat_size=7,
                type='Shared2FCBBoxHead'),
            dict(
                bbox_coder=dict(
                    target_means=[
                        0.0,
                        0.0,
                        0.0,
                        0.0,
                    ],
                    target_stds=[
                        0.05,
                        0.05,
                        0.1,
                        0.1,
                    ],
                    type='DeltaXYWHBBoxCoder'),
                fc_out_channels=1024,
                in_channels=256,
                loss_bbox=dict(beta=1.0, loss_weight=1.0, type='SmoothL1Loss'),
                loss_cls=dict(
                    loss_weight=1.0,
                    type='CrossEntropyLoss',
                    use_sigmoid=False),
                num_classes=12,
                reg_class_agnostic=True,
                roi_feat_size=7,
                type='Shared2FCBBoxHead'),
            dict(
                bbox_coder=dict(
                    target_means=[
                        0.0,
                        0.0,
                        0.0,
                        0.0,
                    ],
                    target_stds=[
                        0.033,
                        0.033,
                        0.067,
                        0.067,
                    ],
                    type='DeltaXYWHBBoxCoder'),
                fc_out_channels=1024,
                in_channels=256,
                loss_bbox=dict(beta=1.0, loss_weight=1.0, type='SmoothL1Loss'),
                loss_cls=dict(
                    loss_weight=1.0,
                    type='CrossEntropyLoss',
                    use_sigmoid=False),
                num_classes=12,
                reg_class_agnostic=True,
                roi_feat_size=7,
                type='Shared2FCBBoxHead'),
        ],
        bbox_roi_extractor=dict(
            featmap_strides=[
                4,
                8,
                16,
                32,
            ],
            out_channels=256,
            roi_layer=dict(output_size=7, sampling_ratio=0, type='RoIAlign'),
            type='SingleRoIExtractor'),
        num_stages=3,
        stage_loss_weights=[
            1,
            0.5,
            0.25,
        ],
        type='CascadeRoIHead'),
    rpn_head=dict(
        anchor_generator=dict(
            ratios=[
                0.5,
                1.0,
                2.0,
            ],
            scales=[
                2,
                4,
                8,
                16,
                32,
                64,
            ],
            strides=[
                4,
                8,
                16,
                32,
                64,
                128,
            ],
            type='AnchorGenerator'),
        bbox_coder=dict(
            target_means=[
                0.0,
                0.0,
                0.0,
                0.0,
            ],
            target_stds=[
                1.0,
                1.0,
                1.0,
                1.0,
            ],
            type='DeltaXYWHBBoxCoder'),
        feat_channels=256,
        in_channels=256,
        loss_bbox=dict(
            beta=0.1111111111111111, loss_weight=1.0, type='SmoothL1Loss'),
        loss_cls=dict(
            loss_weight=1.0, type='CrossEntropyLoss', use_sigmoid=True),
        type='RPNHead'),
    test_cfg=dict(
        rcnn=dict(
            max_per_img=100,
            nms=dict(iou_threshold=0.5, type='nms'),
            score_thr=0.05),
        rpn=dict(
            max_per_img=1000,
            min_bbox_size=0,
            nms=dict(iou_threshold=0.7, type='nms'),
            nms_pre=1000)),
    train_cfg=dict(
        rcnn=[
            dict(
                assigner=dict(
                    ignore_iof_thr=-1,
                    match_low_quality=False,
                    min_pos_iou=0.5,
                    neg_iou_thr=0.5,
                    pos_iou_thr=0.5,
                    type='MaxIoUAssigner'),
                debug=False,
                pos_weight=-1,
                sampler=dict(
                    add_gt_as_proposals=True,
                    neg_pos_ub=-1,
                    num=512,
                    pos_fraction=0.25,
                    type='RandomSampler')),
            dict(
                assigner=dict(
                    ignore_iof_thr=-1,
                    match_low_quality=False,
                    min_pos_iou=0.6,
                    neg_iou_thr=0.6,
                    pos_iou_thr=0.6,
                    type='MaxIoUAssigner'),
                debug=False,
                pos_weight=-1,
                sampler=dict(
                    add_gt_as_proposals=True,
                    neg_pos_ub=-1,
                    num=512,
                    pos_fraction=0.25,
                    type='RandomSampler')),
            dict(
                assigner=dict(
                    ignore_iof_thr=-1,
                    match_low_quality=False,
                    min_pos_iou=0.7,
                    neg_iou_thr=0.7,
                    pos_iou_thr=0.7,
                    type='MaxIoUAssigner'),
                debug=False,
                pos_weight=-1,
                sampler=dict(
                    add_gt_as_proposals=True,
                    neg_pos_ub=-1,
                    num=512,
                    pos_fraction=0.25,
                    type='RandomSampler')),
        ],
        rpn=dict(
            allowed_border=0,
            assigner=dict(
                ignore_iof_thr=-1,
                match_low_quality=True,
                min_pos_iou=0.3,
                neg_iou_thr=0.3,
                pos_iou_thr=0.7,
                type='MaxIoUAssigner'),
            debug=False,
            pos_weight=-1,
            sampler=dict(
                add_gt_as_proposals=False,
                neg_pos_ub=-1,
                num=256,
                pos_fraction=0.5,
                type='RandomSampler')),
        rpn_proposal=dict(
            max_per_img=2000,
            min_bbox_size=0,
            nms=dict(iou_threshold=0.7, type='nms'),
            nms_pre=2000)),
    type='CascadeRCNN')
optim_wrapper = dict(
    optimizer=dict(lr=0.02, momentum=0.9, type='SGD', weight_decay=0.0001),
    type='OptimWrapper')
param_scheduler = [
    dict(
        begin=0, by_epoch=False, end=500, start_factor=0.001, type='LinearLR'),
    dict(
        begin=0,
        by_epoch=True,
        end=12,
        gamma=0.1,
        milestones=[
            8,
            11,
        ],
        type='MultiStepLR'),
]
resume = False
test_cfg = dict(type='TestLoop')
test_dataloader = dict(
    batch_size=1,
    dataset=dict(
        ann_file='test/annotations.json',
        backend_args=None,
        data_prefix=dict(img='test/images/'),
        data_root='/data/fxy_datasets/underwater_finalv1',
        metainfo=dict(
            classes=(
                'echinoidea',
                'asteroidea',
                'holothuroidea',
                'fish',
                'anthozoa',
                'actiniaria',
                'jellyfish',
                'shrimp',
                'siphonophores',
                'scallop',
                'porifera',
                'brachyura',
            ),
            palette=[
                (
                    220,
                    20,
                    60,
                ),
                (
                    119,
                    11,
                    32,
                ),
                (
                    0,
                    0,
                    142,
                ),
                (
                    0,
                    0,
                    230,
                ),
                (
                    106,
                    0,
                    228,
                ),
                (
                    0,
                    60,
                    100,
                ),
                (
                    0,
                    80,
                    100,
                ),
                (
                    0,
                    0,
                    70,
                ),
                (
                    0,
                    0,
                    192,
                ),
                (
                    250,
                    170,
                    30,
                ),
                (
                    100,
                    170,
                    30,
                ),
                (
                    220,
                    220,
                    0,
                ),
            ]),
        pipeline=[
            dict(backend_args=None, type='LoadImageFromFile'),
            dict(
                keep_ratio=True,
                scale=[
                    (
                        1333,
                        800,
                    ),
                    (
                        1800,
                        1200,
                    ),
                ],
                type='RandomResize'),
            dict(type='LoadAnnotations', with_bbox=True),
            dict(
                meta_keys=(
                    'img_id',
                    'img_path',
                    'ori_shape',
                    'img_shape',
                    'scale_factor',
                ),
                type='PackDetInputs'),
        ],
        test_mode=True,
        type='CocoDataset'),
    drop_last=False,
    num_workers=2,
    persistent_workers=True,
    sampler=dict(shuffle=False, type='DefaultSampler'))
test_evaluator = dict(
    ann_file='/data/fxy_datasets/underwater_finalv1/test/annotations.json',
    backend_args=None,
    format_only=False,
    metric='bbox',
    type='CocoMetric')
test_pipeline = [
    dict(backend_args=None, type='LoadImageFromFile'),
    dict(
        keep_ratio=True,
        scale=[
            (
                1333,
                800,
            ),
            (
                1800,
                1200,
            ),
        ],
        type='RandomResize'),
    dict(type='LoadAnnotations', with_bbox=True),
    dict(
        meta_keys=(
            'img_id',
            'img_path',
            'ori_shape',
            'img_shape',
            'scale_factor',
        ),
        type='PackDetInputs'),
]
train_cfg = dict(max_epochs=12, type='EpochBasedTrainLoop', val_interval=1)
train_dataloader = dict(
    batch_sampler=dict(type='AspectRatioBatchSampler'),
    batch_size=2,
    dataset=dict(
        ann_file='train/annotations_del_worms_0id.json',
        backend_args=None,
        data_prefix=dict(img='train/images/'),
        data_root='/data/fxy_datasets/underwater_finalv1',
        filter_cfg=dict(filter_empty_gt=True, min_size=32),
        metainfo=dict(
            classes=(
                'echinoidea',
                'asteroidea',
                'holothuroidea',
                'fish',
                'anthozoa',
                'actiniaria',
                'jellyfish',
                'shrimp',
                'siphonophores',
                'scallop',
                'porifera',
                'brachyura',
            ),
            palette=[
                (
                    220,
                    20,
                    60,
                ),
                (
                    119,
                    11,
                    32,
                ),
                (
                    0,
                    0,
                    142,
                ),
                (
                    0,
                    0,
                    230,
                ),
                (
                    106,
                    0,
                    228,
                ),
                (
                    0,
                    60,
                    100,
                ),
                (
                    0,
                    80,
                    100,
                ),
                (
                    0,
                    0,
                    70,
                ),
                (
                    0,
                    0,
                    192,
                ),
                (
                    250,
                    170,
                    30,
                ),
                (
                    100,
                    170,
                    30,
                ),
                (
                    220,
                    220,
                    0,
                ),
            ]),
        pipeline=[
            dict(backend_args=None, type='LoadImageFromFile'),
            dict(type='LoadAnnotations', with_bbox=True),
            dict(
                keep_ratio=True,
                scale=[
                    (
                        1333,
                        800,
                    ),
                    (
                        1800,
                        1200,
                    ),
                ],
                type='RandomResize'),
            dict(prob=0.5, type='RandomFlip'),
            dict(type='PackDetInputs'),
        ],
        type='CocoDataset'),
    num_workers=2,
    persistent_workers=True,
    sampler=dict(shuffle=True, type='DefaultSampler'))
train_pipeline = [
    dict(backend_args=None, type='LoadImageFromFile'),
    dict(type='LoadAnnotations', with_bbox=True),
    dict(
        keep_ratio=True,
        scale=[
            (
                1333,
                800,
            ),
            (
                1800,
                1200,
            ),
        ],
        type='RandomResize'),
    dict(max_num_pasted=100, p=0.5, type='CopyPaste'),
    dict(prob=0.5, type='RandomFlip'),
    dict(
        brightness_limit=0.2,
        contrast_limit=0.2,
        p=0.5,
        type='RandomBrightnessContrast'),
    dict(gamma_limit=(
        80,
        120,
    ), p=0.5, type='RandomGamma'),
    dict(cutout_ratio=0.3, n_holes=8, p=0.3, type='CutOut'),
    dict(type='PackDetInputs'),
]
val_cfg = dict(type='ValLoop')
val_dataloader = dict(
    batch_size=1,
    dataset=dict(
        ann_file='test/annotations.json',
        backend_args=None,
        data_prefix=dict(img='test/images/'),
        data_root='/data/fxy_datasets/underwater_finalv1',
        metainfo=dict(
            classes=(
                'echinoidea',
                'asteroidea',
                'holothuroidea',
                'fish',
                'anthozoa',
                'actiniaria',
                'jellyfish',
                'shrimp',
                'siphonophores',
                'scallop',
                'porifera',
                'brachyura',
            ),
            palette=[
                (
                    220,
                    20,
                    60,
                ),
                (
                    119,
                    11,
                    32,
                ),
                (
                    0,
                    0,
                    142,
                ),
                (
                    0,
                    0,
                    230,
                ),
                (
                    106,
                    0,
                    228,
                ),
                (
                    0,
                    60,
                    100,
                ),
                (
                    0,
                    80,
                    100,
                ),
                (
                    0,
                    0,
                    70,
                ),
                (
                    0,
                    0,
                    192,
                ),
                (
                    250,
                    170,
                    30,
                ),
                (
                    100,
                    170,
                    30,
                ),
                (
                    220,
                    220,
                    0,
                ),
            ]),
        pipeline=[
            dict(backend_args=None, type='LoadImageFromFile'),
            dict(
                keep_ratio=True,
                scale=[
                    (
                        1333,
                        800,
                    ),
                    (
                        1800,
                        1200,
                    ),
                ],
                type='RandomResize'),
            dict(type='LoadAnnotations', with_bbox=True),
            dict(
                meta_keys=(
                    'img_id',
                    'img_path',
                    'ori_shape',
                    'img_shape',
                    'scale_factor',
                ),
                type='PackDetInputs'),
        ],
        test_mode=True,
        type='CocoDataset'),
    drop_last=False,
    num_workers=2,
    persistent_workers=True,
    sampler=dict(shuffle=False, type='DefaultSampler'))
val_evaluator = dict(
    ann_file='/data/fxy_datasets/underwater_finalv1/test/annotations.json',
    backend_args=None,
    format_only=False,
    metric='bbox',
    type='CocoMetric')
vis_backends = [
    dict(type='LocalVisBackend'),
]
visualizer = dict(
    name='visualizer',
    type='DetLocalVisualizer',
    vis_backends=[
        dict(type='LocalVisBackend'),
    ])
work_dir = 'work_dirs/just_for_practice2'

2026/05/12 19:39:18 - mmengine - INFO - Distributed training is not used, all SyncBatchNorm (SyncBN) layers in the model will be automatically reverted to BatchNormXd layers if they are used.
2026/05/12 19:39:18 - mmengine - INFO - Hooks will be executed in the following order:
before_run:
(VERY_HIGH   ) RuntimeInfoHook                    
(BELOW_NORMAL) LoggerHook                         
 -------------------- 
before_train:
(VERY_HIGH   ) RuntimeInfoHook                    
(NORMAL      ) IterTimerHook                      
(VERY_LOW    ) CheckpointHook                     
 -------------------- 
before_train_epoch:
(VERY_HIGH   ) RuntimeInfoHook                    
(NORMAL      ) IterTimerHook                      
(NORMAL      ) DistSamplerSeedHook                
 -------------------- 
before_train_iter:
(VERY_HIGH   ) RuntimeInfoHook                    
(NORMAL      ) IterTimerHook                      
 -------------------- 
after_train_iter:
(VERY_HIGH   ) RuntimeInfoHook                    
(NORMAL      ) IterTimerHook                      
(BELOW_NORMAL) LoggerHook                         
(LOW         ) ParamSchedulerHook                 
(VERY_LOW    ) CheckpointHook                     
 -------------------- 
after_train_epoch:
(NORMAL      ) IterTimerHook                      
(LOW         ) ParamSchedulerHook                 
(VERY_LOW    ) CheckpointHook                     
 -------------------- 
before_val:
(VERY_HIGH   ) RuntimeInfoHook                    
 -------------------- 
before_val_epoch:
(NORMAL      ) IterTimerHook                      
 -------------------- 
before_val_iter:
(NORMAL      ) IterTimerHook                      
 -------------------- 
after_val_iter:
(NORMAL      ) IterTimerHook                      
(NORMAL      ) DetVisualizationHook               
(BELOW_NORMAL) LoggerHook                         
 -------------------- 
after_val_epoch:
(VERY_HIGH   ) RuntimeInfoHook                    
(NORMAL      ) IterTimerHook                      
(BELOW_NORMAL) LoggerHook                         
(LOW         ) ParamSchedulerHook                 
(VERY_LOW    ) CheckpointHook                     
 -------------------- 
after_val:
(VERY_HIGH   ) RuntimeInfoHook                    
 -------------------- 
after_train:
(VERY_HIGH   ) RuntimeInfoHook                    
(VERY_LOW    ) CheckpointHook                     
 -------------------- 
before_test:
(VERY_HIGH   ) RuntimeInfoHook                    
 -------------------- 
before_test_epoch:
(NORMAL      ) IterTimerHook                      
 -------------------- 
before_test_iter:
(NORMAL      ) IterTimerHook                      
 -------------------- 
after_test_iter:
(NORMAL      ) IterTimerHook                      
(NORMAL      ) DetVisualizationHook               
(BELOW_NORMAL) LoggerHook                         
 -------------------- 
after_test_epoch:
(VERY_HIGH   ) RuntimeInfoHook                    
(NORMAL      ) IterTimerHook                      
(BELOW_NORMAL) LoggerHook                         
 -------------------- 
after_test:
(VERY_HIGH   ) RuntimeInfoHook                    
 -------------------- 
after_run:
(BELOW_NORMAL) LoggerHook                         
 -------------------- 
2026/05/12 19:39:22 - mmengine - INFO - LR is set based on batch size of 16 and the current batch size is 2. Scaling the original LR by 0.125.
2026/05/12 19:39:24 - mmengine - INFO - load model from: torchvision://resnet50
2026/05/12 19:39:24 - mmengine - INFO - Loads checkpoint by torchvision backend from path: torchvision://resnet50
2026/05/12 19:39:24 - mmengine - WARNING - The model and loaded state dict do not match exactly

unexpected key in source state_dict: fc.weight, fc.bias

missing keys in source state_dict: layer3.0.conv2.conv_offset.weight, layer3.0.conv2.conv_offset.bias, layer3.1.conv2.conv_offset.weight, layer3.1.conv2.conv_offset.bias, layer3.2.conv2.conv_offset.weight, layer3.2.conv2.conv_offset.bias, layer3.3.conv2.conv_offset.weight, layer3.3.conv2.conv_offset.bias, layer3.4.conv2.conv_offset.weight, layer3.4.conv2.conv_offset.bias, layer3.5.conv2.conv_offset.weight, layer3.5.conv2.conv_offset.bias, layer4.0.conv2.conv_offset.weight, layer4.0.conv2.conv_offset.bias, layer4.1.conv2.conv_offset.weight, layer4.1.conv2.conv_offset.bias, layer4.2.conv2.conv_offset.weight, layer4.2.conv2.conv_offset.bias

Name of parameter - Initialization information

backbone.conv1.weight - torch.Size([64, 3, 7, 7]): 
PretrainedInit: load from torchvision://resnet50 

backbone.bn1.weight - torch.Size([64]): 
PretrainedInit: load from torchvision://resnet50 

backbone.bn1.bias - torch.Size([64]): 
PretrainedInit: load from torchvision://resnet50 

backbone.layer1.0.conv1.weight - torch.Size([64, 64, 1, 1]): 
PretrainedInit: load from torchvision://resnet50 

backbone.layer1.0.bn1.weight - torch.Size([64]): 
PretrainedInit: load from torchvision://resnet50 

backbone.layer1.0.bn1.bias - torch.Size([64]): 
PretrainedInit: load from torchvision://resnet50 

backbone.layer1.0.conv2.weight - torch.Size([64, 64, 3, 3]): 
PretrainedInit: load from torchvision://resnet50 

backbone.layer1.0.bn2.weight - torch.Size([64]): 
PretrainedInit: load from torchvision://resnet50 

backbone.layer1.0.bn2.bias - torch.Size([64]): 
PretrainedInit: load from torchvision://resnet50 

backbone.layer1.0.conv3.weight - torch.Size([256, 64, 1, 1]): 
PretrainedInit: load from torchvision://resnet50 

backbone.layer1.0.bn3.weight - torch.Size([256]): 
PretrainedInit: load from torchvision://resnet50 

backbone.layer1.0.bn3.bias - torch.Size([256]): 
PretrainedInit: load from torchvision://resnet50 

backbone.layer1.0.downsample.0.weight - torch.Size([256, 64, 1, 1]): 
PretrainedInit: load from torchvision://resnet50 

backbone.layer1.0.downsample.1.weight - torch.Size([256]): 
PretrainedInit: load from torchvision://resnet50 

backbone.layer1.0.downsample.1.bias - torch.Size([256]): 
PretrainedInit: load from torchvision://resnet50 

backbone.layer1.1.conv1.weight - torch.Size([64, 256, 1, 1]): 
PretrainedInit: load from torchvision://resnet50 

backbone.layer1.1.bn1.weight - torch.Size([64]): 
PretrainedInit: load from torchvision://resnet50 

backbone.layer1.1.bn1.bias - torch.Size([64]): 
PretrainedInit: load from torchvision://resnet50 

backbone.layer1.1.conv2.weight - torch.Size([64, 64, 3, 3]): 
PretrainedInit: load from torchvision://resnet50 

backbone.layer1.1.bn2.weight - torch.Size([64]): 
PretrainedInit: load from torchvision://resnet50 

backbone.layer1.1.bn2.bias - torch.Size([64]): 
PretrainedInit: load from torchvision://resnet50 

backbone.layer1.1.conv3.weight - torch.Size([256, 64, 1, 1]): 
PretrainedInit: load from torchvision://resnet50 

backbone.layer1.1.bn3.weight - torch.Size([256]): 
PretrainedInit: load from torchvision://resnet50 

backbone.layer1.1.bn3.bias - torch.Size([256]): 
PretrainedInit: load from torchvision://resnet50 

backbone.layer1.2.conv1.weight - torch.Size([64, 256, 1, 1]): 
PretrainedInit: load from torchvision://resnet50 

backbone.layer1.2.bn1.weight - torch.Size([64]): 
PretrainedInit: load from torchvision://resnet50 

backbone.layer1.2.bn1.bias - torch.Size([64]): 
PretrainedInit: load from torchvision://resnet50 

backbone.layer1.2.conv2.weight - torch.Size([64, 64, 3, 3]): 
PretrainedInit: load from torchvision://resnet50 

backbone.layer1.2.bn2.weight - torch.Size([64]): 
PretrainedInit: load from torchvision://resnet50 

backbone.layer1.2.bn2.bias - torch.Size([64]): 
PretrainedInit: load from torchvision://resnet50 

backbone.layer1.2.conv3.weight - torch.Size([256, 64, 1, 1]): 
PretrainedInit: load from torchvision://resnet50 

backbone.layer1.2.bn3.weight - torch.Size([256]): 
PretrainedInit: load from torchvision://resnet50 

backbone.layer1.2.bn3.bias - torch.Size([256]): 
PretrainedInit: load from torchvision://resnet50 

backbone.layer2.0.conv1.weight - torch.Size([128, 256, 1, 1]): 
PretrainedInit: load from torchvision://resnet50 

backbone.layer2.0.bn1.weight - torch.Size([128]): 
PretrainedInit: load from torchvision://resnet50 

backbone.layer2.0.bn1.bias - torch.Size([128]): 
PretrainedInit: load from torchvision://resnet50 

backbone.layer2.0.conv2.weight - torch.Size([128, 128, 3, 3]): 
PretrainedInit: load from torchvision://resnet50 

backbone.layer2.0.bn2.weight - torch.Size([128]): 
PretrainedInit: load from torchvision://resnet50 

backbone.layer2.0.bn2.bias - torch.Size([128]): 
PretrainedInit: load from torchvision://resnet50 

backbone.layer2.0.conv3.weight - torch.Size([512, 128, 1, 1]): 
PretrainedInit: load from torchvision://resnet50 

backbone.layer2.0.bn3.weight - torch.Size([512]): 
PretrainedInit: load from torchvision://resnet50 

backbone.layer2.0.bn3.bias - torch.Size([512]): 
PretrainedInit: load from torchvision://resnet50 

backbone.layer2.0.downsample.0.weight - torch.Size([512, 256, 1, 1]): 
PretrainedInit: load from torchvision://resnet50 

backbone.layer2.0.downsample.1.weight - torch.Size([512]): 
PretrainedInit: load from torchvision://resnet50 

backbone.layer2.0.downsample.1.bias - torch.Size([512]): 
PretrainedInit: load from torchvision://resnet50 

backbone.layer2.1.conv1.weight - torch.Size([128, 512, 1, 1]): 
PretrainedInit: load from torchvision://resnet50 

backbone.layer2.1.bn1.weight - torch.Size([128]): 
PretrainedInit: load from torchvision://resnet50 

backbone.layer2.1.bn1.bias - torch.Size([128]): 
PretrainedInit: load from torchvision://resnet50 

backbone.layer2.1.conv2.weight - torch.Size([128, 128, 3, 3]): 
PretrainedInit: load from torchvision://resnet50 

backbone.layer2.1.bn2.weight - torch.Size([128]): 
PretrainedInit: load from torchvision://resnet50 

backbone.layer2.1.bn2.bias - torch.Size([128]): 
PretrainedInit: load from torchvision://resnet50 

backbone.layer2.1.conv3.weight - torch.Size([512, 128, 1, 1]): 
PretrainedInit: load from torchvision://resnet50 

backbone.layer2.1.bn3.weight - torch.Size([512]): 
PretrainedInit: load from torchvision://resnet50 

backbone.layer2.1.bn3.bias - torch.Size([512]): 
PretrainedInit: load from torchvision://resnet50 

backbone.layer2.2.conv1.weight - torch.Size([128, 512, 1, 1]): 
PretrainedInit: load from torchvision://resnet50 

backbone.layer2.2.bn1.weight - torch.Size([128]): 
PretrainedInit: load from torchvision://resnet50 

backbone.layer2.2.bn1.bias - torch.Size([128]): 
PretrainedInit: load from torchvision://resnet50 

backbone.layer2.2.conv2.weight - torch.Size([128, 128, 3, 3]): 
PretrainedInit: load from torchvision://resnet50 

backbone.layer2.2.bn2.weight - torch.Size([128]): 
PretrainedInit: load from torchvision://resnet50 

backbone.layer2.2.bn2.bias - torch.Size([128]): 
PretrainedInit: load from torchvision://resnet50 

backbone.layer2.2.conv3.weight - torch.Size([512, 128, 1, 1]): 
PretrainedInit: load from torchvision://resnet50 

backbone.layer2.2.bn3.weight - torch.Size([512]): 
PretrainedInit: load from torchvision://resnet50 

backbone.layer2.2.bn3.bias - torch.Size([512]): 
PretrainedInit: load from torchvision://resnet50 

backbone.layer2.3.conv1.weight - torch.Size([128, 512, 1, 1]): 
PretrainedInit: load from torchvision://resnet50 

backbone.layer2.3.bn1.weight - torch.Size([128]): 
PretrainedInit: load from torchvision://resnet50 

backbone.layer2.3.bn1.bias - torch.Size([128]): 
PretrainedInit: load from torchvision://resnet50 

backbone.layer2.3.conv2.weight - torch.Size([128, 128, 3, 3]): 
PretrainedInit: load from torchvision://resnet50 

backbone.layer2.3.bn2.weight - torch.Size([128]): 
PretrainedInit: load from torchvision://resnet50 

backbone.layer2.3.bn2.bias - torch.Size([128]): 
PretrainedInit: load from torchvision://resnet50 

backbone.layer2.3.conv3.weight - torch.Size([512, 128, 1, 1]): 
PretrainedInit: load from torchvision://resnet50 

backbone.layer2.3.bn3.weight - torch.Size([512]): 
PretrainedInit: load from torchvision://resnet50 

backbone.layer2.3.bn3.bias - torch.Size([512]): 
PretrainedInit: load from torchvision://resnet50 

backbone.layer3.0.conv1.weight - torch.Size([256, 512, 1, 1]): 
PretrainedInit: load from torchvision://resnet50 

backbone.layer3.0.bn1.weight - torch.Size([256]): 
PretrainedInit: load from torchvision://resnet50 

backbone.layer3.0.bn1.bias - torch.Size([256]): 
PretrainedInit: load from torchvision://resnet50 

backbone.layer3.0.conv2.weight - torch.Size([256, 256, 3, 3]): 
PretrainedInit: load from torchvision://resnet50 

backbone.layer3.0.conv2.conv_offset.weight - torch.Size([27, 256, 3, 3]): 
The value is the same before and after calling `init_weights` of CascadeRCNN  

backbone.layer3.0.conv2.conv_offset.bias - torch.Size([27]): 
The value is the same before and after calling `init_weights` of CascadeRCNN  

backbone.layer3.0.bn2.weight - torch.Size([256]): 
PretrainedInit: load from torchvision://resnet50 

backbone.layer3.0.bn2.bias - torch.Size([256]): 
PretrainedInit: load from torchvision://resnet50 

backbone.layer3.0.conv3.weight - torch.Size([1024, 256, 1, 1]): 
PretrainedInit: load from torchvision://resnet50 

backbone.layer3.0.bn3.weight - torch.Size([1024]): 
PretrainedInit: load from torchvision://resnet50 

backbone.layer3.0.bn3.bias - torch.Size([1024]): 
PretrainedInit: load from torchvision://resnet50 

backbone.layer3.0.downsample.0.weight - torch.Size([1024, 512, 1, 1]): 
PretrainedInit: load from torchvision://resnet50 

backbone.layer3.0.downsample.1.weight - torch.Size([1024]): 
PretrainedInit: load from torchvision://resnet50 

backbone.layer3.0.downsample.1.bias - torch.Size([1024]): 
PretrainedInit: load from torchvision://resnet50 

backbone.layer3.1.conv1.weight - torch.Size([256, 1024, 1, 1]): 
PretrainedInit: load from torchvision://resnet50 

backbone.layer3.1.bn1.weight - torch.Size([256]): 
PretrainedInit: load from torchvision://resnet50 

backbone.layer3.1.bn1.bias - torch.Size([256]): 
PretrainedInit: load from torchvision://resnet50 

backbone.layer3.1.conv2.weight - torch.Size([256, 256, 3, 3]): 
PretrainedInit: load from torchvision://resnet50 

backbone.layer3.1.conv2.conv_offset.weight - torch.Size([27, 256, 3, 3]): 
The value is the same before and after calling `init_weights` of CascadeRCNN  

backbone.layer3.1.conv2.conv_offset.bias - torch.Size([27]): 
The value is the same before and after calling `init_weights` of CascadeRCNN  

backbone.layer3.1.bn2.weight - torch.Size([256]): 
PretrainedInit: load from torchvision://resnet50 

backbone.layer3.1.bn2.bias - torch.Size([256]): 
PretrainedInit: load from torchvision://resnet50 

backbone.layer3.1.conv3.weight - torch.Size([1024, 256, 1, 1]): 
PretrainedInit: load from torchvision://resnet50 

backbone.layer3.1.bn3.weight - torch.Size([1024]): 
PretrainedInit: load from torchvision://resnet50 

backbone.layer3.1.bn3.bias - torch.Size([1024]): 
PretrainedInit: load from torchvision://resnet50 

backbone.layer3.2.conv1.weight - torch.Size([256, 1024, 1, 1]): 
PretrainedInit: load from torchvision://resnet50 

backbone.layer3.2.bn1.weight - torch.Size([256]): 
PretrainedInit: load from torchvision://resnet50 

backbone.layer3.2.bn1.bias - torch.Size([256]): 
PretrainedInit: load from torchvision://resnet50 

backbone.layer3.2.conv2.weight - torch.Size([256, 256, 3, 3]): 
PretrainedInit: load from torchvision://resnet50 

backbone.layer3.2.conv2.conv_offset.weight - torch.Size([27, 256, 3, 3]): 
The value is the same before and after calling `init_weights` of CascadeRCNN  

backbone.layer3.2.conv2.conv_offset.bias - torch.Size([27]): 
The value is the same before and after calling `init_weights` of CascadeRCNN  

backbone.layer3.2.bn2.weight - torch.Size([256]): 
PretrainedInit: load from torchvision://resnet50 

backbone.layer3.2.bn2.bias - torch.Size([256]): 
PretrainedInit: load from torchvision://resnet50 

backbone.layer3.2.conv3.weight - torch.Size([1024, 256, 1, 1]): 
PretrainedInit: load from torchvision://resnet50 

backbone.layer3.2.bn3.weight - torch.Size([1024]): 
PretrainedInit: load from torchvision://resnet50 

backbone.layer3.2.bn3.bias - torch.Size([1024]): 
PretrainedInit: load from torchvision://resnet50 

backbone.layer3.3.conv1.weight - torch.Size([256, 1024, 1, 1]): 
PretrainedInit: load from torchvision://resnet50 

backbone.layer3.3.bn1.weight - torch.Size([256]): 
PretrainedInit: load from torchvision://resnet50 

backbone.layer3.3.bn1.bias - torch.Size([256]): 
PretrainedInit: load from torchvision://resnet50 

backbone.layer3.3.conv2.weight - torch.Size([256, 256, 3, 3]): 
PretrainedInit: load from torchvision://resnet50 

backbone.layer3.3.conv2.conv_offset.weight - torch.Size([27, 256, 3, 3]): 
The value is the same before and after calling `init_weights` of CascadeRCNN  

backbone.layer3.3.conv2.conv_offset.bias - torch.Size([27]): 
The value is the same before and after calling `init_weights` of CascadeRCNN  

backbone.layer3.3.bn2.weight - torch.Size([256]): 
PretrainedInit: load from torchvision://resnet50 

backbone.layer3.3.bn2.bias - torch.Size([256]): 
PretrainedInit: load from torchvision://resnet50 

backbone.layer3.3.conv3.weight - torch.Size([1024, 256, 1, 1]): 
PretrainedInit: load from torchvision://resnet50 

backbone.layer3.3.bn3.weight - torch.Size([1024]): 
PretrainedInit: load from torchvision://resnet50 

backbone.layer3.3.bn3.bias - torch.Size([1024]): 
PretrainedInit: load from torchvision://resnet50 

backbone.layer3.4.conv1.weight - torch.Size([256, 1024, 1, 1]): 
PretrainedInit: load from torchvision://resnet50 

backbone.layer3.4.bn1.weight - torch.Size([256]): 
PretrainedInit: load from torchvision://resnet50 

backbone.layer3.4.bn1.bias - torch.Size([256]): 
PretrainedInit: load from torchvision://resnet50 

backbone.layer3.4.conv2.weight - torch.Size([256, 256, 3, 3]): 
PretrainedInit: load from torchvision://resnet50 

backbone.layer3.4.conv2.conv_offset.weight - torch.Size([27, 256, 3, 3]): 
The value is the same before and after calling `init_weights` of CascadeRCNN  

backbone.layer3.4.conv2.conv_offset.bias - torch.Size([27]): 
The value is the same before and after calling `init_weights` of CascadeRCNN  

backbone.layer3.4.bn2.weight - torch.Size([256]): 
PretrainedInit: load from torchvision://resnet50 

backbone.layer3.4.bn2.bias - torch.Size([256]): 
PretrainedInit: load from torchvision://resnet50 

backbone.layer3.4.conv3.weight - torch.Size([1024, 256, 1, 1]): 
PretrainedInit: load from torchvision://resnet50 

backbone.layer3.4.bn3.weight - torch.Size([1024]): 
PretrainedInit: load from torchvision://resnet50 

backbone.layer3.4.bn3.bias - torch.Size([1024]): 
PretrainedInit: load from torchvision://resnet50 

backbone.layer3.5.conv1.weight - torch.Size([256, 1024, 1, 1]): 
PretrainedInit: load from torchvision://resnet50 

backbone.layer3.5.bn1.weight - torch.Size([256]): 
PretrainedInit: load from torchvision://resnet50 

backbone.layer3.5.bn1.bias - torch.Size([256]): 
PretrainedInit: load from torchvision://resnet50 

backbone.layer3.5.conv2.weight - torch.Size([256, 256, 3, 3]): 
PretrainedInit: load from torchvision://resnet50 

backbone.layer3.5.conv2.conv_offset.weight - torch.Size([27, 256, 3, 3]): 
The value is the same before and after calling `init_weights` of CascadeRCNN  

backbone.layer3.5.conv2.conv_offset.bias - torch.Size([27]): 
The value is the same before and after calling `init_weights` of CascadeRCNN  

backbone.layer3.5.bn2.weight - torch.Size([256]): 
PretrainedInit: load from torchvision://resnet50 

backbone.layer3.5.bn2.bias - torch.Size([256]): 
PretrainedInit: load from torchvision://resnet50 

backbone.layer3.5.conv3.weight - torch.Size([1024, 256, 1, 1]): 
PretrainedInit: load from torchvision://resnet50 

backbone.layer3.5.bn3.weight - torch.Size([1024]): 
PretrainedInit: load from torchvision://resnet50 

backbone.layer3.5.bn3.bias - torch.Size([1024]): 
PretrainedInit: load from torchvision://resnet50 

backbone.layer4.0.conv1.weight - torch.Size([512, 1024, 1, 1]): 
PretrainedInit: load from torchvision://resnet50 

backbone.layer4.0.bn1.weight - torch.Size([512]): 
PretrainedInit: load from torchvision://resnet50 

backbone.layer4.0.bn1.bias - torch.Size([512]): 
PretrainedInit: load from torchvision://resnet50 

backbone.layer4.0.conv2.weight - torch.Size([512, 512, 3, 3]): 
PretrainedInit: load from torchvision://resnet50 

backbone.layer4.0.conv2.conv_offset.weight - torch.Size([27, 512, 3, 3]): 
The value is the same before and after calling `init_weights` of CascadeRCNN  

backbone.layer4.0.conv2.conv_offset.bias - torch.Size([27]): 
The value is the same before and after calling `init_weights` of CascadeRCNN  

backbone.layer4.0.bn2.weight - torch.Size([512]): 
PretrainedInit: load from torchvision://resnet50 

backbone.layer4.0.bn2.bias - torch.Size([512]): 
PretrainedInit: load from torchvision://resnet50 

backbone.layer4.0.conv3.weight - torch.Size([2048, 512, 1, 1]): 
PretrainedInit: load from torchvision://resnet50 

backbone.layer4.0.bn3.weight - torch.Size([2048]): 
PretrainedInit: load from torchvision://resnet50 

backbone.layer4.0.bn3.bias - torch.Size([2048]): 
PretrainedInit: load from torchvision://resnet50 

backbone.layer4.0.downsample.0.weight - torch.Size([2048, 1024, 1, 1]): 
PretrainedInit: load from torchvision://resnet50 

backbone.layer4.0.downsample.1.weight - torch.Size([2048]): 
PretrainedInit: load from torchvision://resnet50 

backbone.layer4.0.downsample.1.bias - torch.Size([2048]): 
PretrainedInit: load from torchvision://resnet50 

backbone.layer4.1.conv1.weight - torch.Size([512, 2048, 1, 1]): 
PretrainedInit: load from torchvision://resnet50 

backbone.layer4.1.bn1.weight - torch.Size([512]): 
PretrainedInit: load from torchvision://resnet50 

backbone.layer4.1.bn1.bias - torch.Size([512]): 
PretrainedInit: load from torchvision://resnet50 

backbone.layer4.1.conv2.weight - torch.Size([512, 512, 3, 3]): 
PretrainedInit: load from torchvision://resnet50 

backbone.layer4.1.conv2.conv_offset.weight - torch.Size([27, 512, 3, 3]): 
The value is the same before and after calling `init_weights` of CascadeRCNN  

backbone.layer4.1.conv2.conv_offset.bias - torch.Size([27]): 
The value is the same before and after calling `init_weights` of CascadeRCNN  

backbone.layer4.1.bn2.weight - torch.Size([512]): 
PretrainedInit: load from torchvision://resnet50 

backbone.layer4.1.bn2.bias - torch.Size([512]): 
PretrainedInit: load from torchvision://resnet50 

backbone.layer4.1.conv3.weight - torch.Size([2048, 512, 1, 1]): 
PretrainedInit: load from torchvision://resnet50 

backbone.layer4.1.bn3.weight - torch.Size([2048]): 
PretrainedInit: load from torchvision://resnet50 

backbone.layer4.1.bn3.bias - torch.Size([2048]): 
PretrainedInit: load from torchvision://resnet50 

backbone.layer4.2.conv1.weight - torch.Size([512, 2048, 1, 1]): 
PretrainedInit: load from torchvision://resnet50 

backbone.layer4.2.bn1.weight - torch.Size([512]): 
PretrainedInit: load from torchvision://resnet50 

backbone.layer4.2.bn1.bias - torch.Size([512]): 
PretrainedInit: load from torchvision://resnet50 

backbone.layer4.2.conv2.weight - torch.Size([512, 512, 3, 3]): 
PretrainedInit: load from torchvision://resnet50 

backbone.layer4.2.conv2.conv_offset.weight - torch.Size([27, 512, 3, 3]): 
The value is the same before and after calling `init_weights` of CascadeRCNN  

backbone.layer4.2.conv2.conv_offset.bias - torch.Size([27]): 
The value is the same before and after calling `init_weights` of CascadeRCNN  

backbone.layer4.2.bn2.weight - torch.Size([512]): 
PretrainedInit: load from torchvision://resnet50 

backbone.layer4.2.bn2.bias - torch.Size([512]): 
PretrainedInit: load from torchvision://resnet50 

backbone.layer4.2.conv3.weight - torch.Size([2048, 512, 1, 1]): 
PretrainedInit: load from torchvision://resnet50 

backbone.layer4.2.bn3.weight - torch.Size([2048]): 
PretrainedInit: load from torchvision://resnet50 

backbone.layer4.2.bn3.bias - torch.Size([2048]): 
PretrainedInit: load from torchvision://resnet50 

neck.lateral_convs.0.conv.weight - torch.Size([256, 256, 1, 1]): 
XavierInit: gain=1, distribution=uniform, bias=0 

neck.lateral_convs.0.conv.bias - torch.Size([256]): 
The value is the same before and after calling `init_weights` of CascadeRCNN  

neck.lateral_convs.1.conv.weight - torch.Size([256, 512, 1, 1]): 
XavierInit: gain=1, distribution=uniform, bias=0 

neck.lateral_convs.1.conv.bias - torch.Size([256]): 
The value is the same before and after calling `init_weights` of CascadeRCNN  

neck.lateral_convs.2.conv.weight - torch.Size([256, 1024, 1, 1]): 
XavierInit: gain=1, distribution=uniform, bias=0 

neck.lateral_convs.2.conv.bias - torch.Size([256]): 
The value is the same before and after calling `init_weights` of CascadeRCNN  

neck.lateral_convs.3.conv.weight - torch.Size([256, 2048, 1, 1]): 
XavierInit: gain=1, distribution=uniform, bias=0 

neck.lateral_convs.3.conv.bias - torch.Size([256]): 
The value is the same before and after calling `init_weights` of CascadeRCNN  

neck.fpn_convs.0.conv.weight - torch.Size([256, 256, 3, 3]): 
XavierInit: gain=1, distribution=uniform, bias=0 

neck.fpn_convs.0.conv.bias - torch.Size([256]): 
The value is the same before and after calling `init_weights` of CascadeRCNN  

neck.fpn_convs.1.conv.weight - torch.Size([256, 256, 3, 3]): 
XavierInit: gain=1, distribution=uniform, bias=0 

neck.fpn_convs.1.conv.bias - torch.Size([256]): 
The value is the same before and after calling `init_weights` of CascadeRCNN  

neck.fpn_convs.2.conv.weight - torch.Size([256, 256, 3, 3]): 
XavierInit: gain=1, distribution=uniform, bias=0 

neck.fpn_convs.2.conv.bias - torch.Size([256]): 
The value is the same before and after calling `init_weights` of CascadeRCNN  

neck.fpn_convs.3.conv.weight - torch.Size([256, 256, 3, 3]): 
XavierInit: gain=1, distribution=uniform, bias=0 

neck.fpn_convs.3.conv.bias - torch.Size([256]): 
The value is the same before and after calling `init_weights` of CascadeRCNN  

neck.fpn_convs.4.conv.weight - torch.Size([256, 2048, 3, 3]): 
XavierInit: gain=1, distribution=uniform, bias=0 

neck.fpn_convs.4.conv.bias - torch.Size([256]): 
The value is the same before and after calling `init_weights` of CascadeRCNN  

neck.fpn_convs.5.conv.weight - torch.Size([256, 256, 3, 3]): 
XavierInit: gain=1, distribution=uniform, bias=0 

neck.fpn_convs.5.conv.bias - torch.Size([256]): 
The value is the same before and after calling `init_weights` of CascadeRCNN  

rpn_head.rpn_conv.weight - torch.Size([256, 256, 3, 3]): 
NormalInit: mean=0, std=0.01, bias=0 

rpn_head.rpn_conv.bias - torch.Size([256]): 
NormalInit: mean=0, std=0.01, bias=0 

rpn_head.rpn_cls.weight - torch.Size([18, 256, 1, 1]): 
NormalInit: mean=0, std=0.01, bias=0 

rpn_head.rpn_cls.bias - torch.Size([18]): 
NormalInit: mean=0, std=0.01, bias=0 

rpn_head.rpn_reg.weight - torch.Size([72, 256, 1, 1]): 
NormalInit: mean=0, std=0.01, bias=0 

rpn_head.rpn_reg.bias - torch.Size([72]): 
NormalInit: mean=0, std=0.01, bias=0 

roi_head.bbox_head.0.fc_cls.weight - torch.Size([13, 1024]): 
NormalInit: mean=0, std=0.01, bias=0 

roi_head.bbox_head.0.fc_cls.bias - torch.Size([13]): 
NormalInit: mean=0, std=0.01, bias=0 

roi_head.bbox_head.0.fc_reg.weight - torch.Size([4, 1024]): 
NormalInit: mean=0, std=0.001, bias=0 

roi_head.bbox_head.0.fc_reg.bias - torch.Size([4]): 
NormalInit: mean=0, std=0.001, bias=0 

roi_head.bbox_head.0.shared_fcs.0.weight - torch.Size([1024, 12544]): 
XavierInit: gain=1, distribution=uniform, bias=0 

roi_head.bbox_head.0.shared_fcs.0.bias - torch.Size([1024]): 
XavierInit: gain=1, distribution=uniform, bias=0 

roi_head.bbox_head.0.shared_fcs.1.weight - torch.Size([1024, 1024]): 
XavierInit: gain=1, distribution=uniform, bias=0 

roi_head.bbox_head.0.shared_fcs.1.bias - torch.Size([1024]): 
XavierInit: gain=1, distribution=uniform, bias=0 

roi_head.bbox_head.1.fc_cls.weight - torch.Size([13, 1024]): 
NormalInit: mean=0, std=0.01, bias=0 

roi_head.bbox_head.1.fc_cls.bias - torch.Size([13]): 
NormalInit: mean=0, std=0.01, bias=0 

roi_head.bbox_head.1.fc_reg.weight - torch.Size([4, 1024]): 
NormalInit: mean=0, std=0.001, bias=0 

roi_head.bbox_head.1.fc_reg.bias - torch.Size([4]): 
NormalInit: mean=0, std=0.001, bias=0 

roi_head.bbox_head.1.shared_fcs.0.weight - torch.Size([1024, 12544]): 
XavierInit: gain=1, distribution=uniform, bias=0 

roi_head.bbox_head.1.shared_fcs.0.bias - torch.Size([1024]): 
XavierInit: gain=1, distribution=uniform, bias=0 

roi_head.bbox_head.1.shared_fcs.1.weight - torch.Size([1024, 1024]): 
XavierInit: gain=1, distribution=uniform, bias=0 

roi_head.bbox_head.1.shared_fcs.1.bias - torch.Size([1024]): 
XavierInit: gain=1, distribution=uniform, bias=0 

roi_head.bbox_head.2.fc_cls.weight - torch.Size([13, 1024]): 
NormalInit: mean=0, std=0.01, bias=0 

roi_head.bbox_head.2.fc_cls.bias - torch.Size([13]): 
NormalInit: mean=0, std=0.01, bias=0 

roi_head.bbox_head.2.fc_reg.weight - torch.Size([4, 1024]): 
NormalInit: mean=0, std=0.001, bias=0 

roi_head.bbox_head.2.fc_reg.bias - torch.Size([4]): 
NormalInit: mean=0, std=0.001, bias=0 

roi_head.bbox_head.2.shared_fcs.0.weight - torch.Size([1024, 12544]): 
XavierInit: gain=1, distribution=uniform, bias=0 

roi_head.bbox_head.2.shared_fcs.0.bias - torch.Size([1024]): 
XavierInit: gain=1, distribution=uniform, bias=0 

roi_head.bbox_head.2.shared_fcs.1.weight - torch.Size([1024, 1024]): 
XavierInit: gain=1, distribution=uniform, bias=0 

roi_head.bbox_head.2.shared_fcs.1.bias - torch.Size([1024]): 
XavierInit: gain=1, distribution=uniform, bias=0 
2026/05/12 19:39:25 - mmengine - INFO - Load checkpoint from work_dirs/just_for_practice/epoch_12.pth
2026/05/12 19:39:25 - mmengine - WARNING - "FileClient" will be deprecated in future. Please use io functions in https://mmengine.readthedocs.io/en/latest/api/fileio.html#file-io
2026/05/12 19:39:25 - mmengine - WARNING - "HardDiskBackend" is the alias of "LocalBackend" and the former will be deprecated in future.
2026/05/12 19:39:25 - mmengine - INFO - Checkpoints will be saved to /data/fxy_projects/mmdetection-main/work_dirs/just_for_practice2.
2026/05/12 19:40:11 - mmengine - INFO - Epoch(train)  [1][  50/8547]  lr: 2.4775e-04  eta: 1 day, 2:32:04  time: 0.9318  data_time: 0.0107  memory: 7252  loss: 0.8539  loss_rpn_cls: 0.6692  loss_rpn_bbox: 0.0811  s0.loss_cls: 0.0497  s0.acc: 99.3164  s0.loss_bbox: 0.0058  s1.loss_cls: 0.0269  s1.acc: 99.2188  s1.loss_bbox: 0.0051  s2.loss_cls: 0.0141  s2.acc: 99.4141  s2.loss_bbox: 0.0019
2026/05/12 19:41:01 - mmengine - INFO - Epoch(train)  [1][ 100/8547]  lr: 4.9800e-04  eta: 1 day, 3:15:55  time: 0.9841  data_time: 0.0063  memory: 7808  loss: 1.0112  loss_rpn_cls: 0.4826  loss_rpn_bbox: 0.0652  s0.loss_cls: 0.1647  s0.acc: 93.3594  s0.loss_bbox: 0.0424  s1.loss_cls: 0.1015  s1.acc: 89.4531  s1.loss_bbox: 0.0614  s2.loss_cls: 0.0513  s2.acc: 91.3086  s2.loss_bbox: 0.0420
2026/05/12 19:41:48 - mmengine - INFO - Epoch(train)  [1][ 150/8547]  lr: 7.4825e-04  eta: 1 day, 3:05:15  time: 0.9406  data_time: 0.0063  memory: 8144  loss: 0.8115  loss_rpn_cls: 0.2296  loss_rpn_bbox: 0.0479  s0.loss_cls: 0.1611  s0.acc: 98.1445  s0.loss_bbox: 0.0596  s1.loss_cls: 0.0940  s1.acc: 98.4375  s1.loss_bbox: 0.0957  s2.loss_cls: 0.0546  s2.acc: 99.0234  s2.loss_bbox: 0.0689
2026/05/12 19:42:34 - mmengine - INFO - Epoch(train)  [1][ 200/8547]  lr: 9.9850e-04  eta: 1 day, 2:53:57  time: 0.9275  data_time: 0.0059  memory: 6786  loss: 0.8347  loss_rpn_cls: 0.1721  loss_rpn_bbox: 0.0524  s0.loss_cls: 0.1869  s0.acc: 93.1641  s0.loss_bbox: 0.0727  s1.loss_cls: 0.1033  s1.acc: 91.7965  s1.loss_bbox: 0.1095  s2.loss_cls: 0.0592  s2.acc: 88.5263  s2.loss_bbox: 0.0786
2026/05/12 19:43:20 - mmengine - INFO - Epoch(train)  [1][ 250/8547]  lr: 1.2487e-03  eta: 1 day, 2:45:08  time: 0.9225  data_time: 0.0059  memory: 8178  loss: 0.8254  loss_rpn_cls: 0.1287  loss_rpn_bbox: 0.0509  s0.loss_cls: 0.1903  s0.acc: 96.1914  s0.loss_bbox: 0.0828  s1.loss_cls: 0.1018  s1.acc: 95.8544  s1.loss_bbox: 0.1247  s2.loss_cls: 0.0564  s2.acc: 93.9333  s2.loss_bbox: 0.0899
2026/05/12 19:44:06 - mmengine - INFO - Epoch(train)  [1][ 300/8547]  lr: 1.4990e-03  eta: 1 day, 2:34:58  time: 0.9082  data_time: 0.0067  memory: 8270  loss: 0.8738  loss_rpn_cls: 0.0985  loss_rpn_bbox: 0.0437  s0.loss_cls: 0.2263  s0.acc: 90.2344  s0.loss_bbox: 0.0870  s1.loss_cls: 0.1209  s1.acc: 92.3395  s1.loss_bbox: 0.1348  s2.loss_cls: 0.0663  s2.acc: 89.6801  s2.loss_bbox: 0.0964
2026/05/12 19:44:53 - mmengine - INFO - Epoch(train)  [1][ 350/8547]  lr: 1.7492e-03  eta: 1 day, 2:36:01  time: 0.9433  data_time: 0.0065  memory: 9819  loss: 0.8817  loss_rpn_cls: 0.0870  loss_rpn_bbox: 0.0503  s0.loss_cls: 0.2288  s0.acc: 94.6289  s0.loss_bbox: 0.0886  s1.loss_cls: 0.1247  s1.acc: 98.1445  s1.loss_bbox: 0.1381  s2.loss_cls: 0.0677  s2.acc: 92.7593  s2.loss_bbox: 0.0964
2026/05/12 19:45:39 - mmengine - INFO - Epoch(train)  [1][ 400/8547]  lr: 1.9995e-03  eta: 1 day, 2:32:23  time: 0.9234  data_time: 0.0062  memory: 8377  loss: 0.8458  loss_rpn_cls: 0.0795  loss_rpn_bbox: 0.0455  s0.loss_cls: 0.2277  s0.acc: 93.6523  s0.loss_bbox: 0.0885  s1.loss_cls: 0.1200  s1.acc: 94.1406  s1.loss_bbox: 0.1270  s2.loss_cls: 0.0640  s2.acc: 94.6289  s2.loss_bbox: 0.0936
2026/05/12 19:46:21 - mmengine - INFO - Epoch(train)  [1][ 450/8547]  lr: 2.2497e-03  eta: 1 day, 2:15:38  time: 0.8507  data_time: 0.0049  memory: 7127  loss: 0.8809  loss_rpn_cls: 0.0758  loss_rpn_bbox: 0.0431  s0.loss_cls: 0.2352  s0.acc: 78.9062  s0.loss_bbox: 0.0969  s1.loss_cls: 0.1222  s1.acc: 76.7717  s1.loss_bbox: 0.1421  s2.loss_cls: 0.0649  s2.acc: 73.9173  s2.loss_bbox: 0.1007
2026/05/12 19:47:08 - mmengine - INFO - Epoch(train)  [1][ 500/8547]  lr: 2.5000e-03  eta: 1 day, 2:14:37  time: 0.9244  data_time: 0.0060  memory: 7691  loss: 0.9922  loss_rpn_cls: 0.0854  loss_rpn_bbox: 0.0517  s0.loss_cls: 0.2889  s0.acc: 96.3867  s0.loss_bbox: 0.1009  s1.loss_cls: 0.1508  s1.acc: 97.5636  s1.loss_bbox: 0.1395  s2.loss_cls: 0.0783  s2.acc: 98.9047  s2.loss_bbox: 0.0967
2026/05/12 19:47:54 - mmengine - INFO - Epoch(train)  [1][ 550/8547]  lr: 2.5000e-03  eta: 1 day, 2:14:44  time: 0.9314  data_time: 0.0061  memory: 7069  loss: 0.9713  loss_rpn_cls: 0.0629  loss_rpn_bbox: 0.0454  s0.loss_cls: 0.2880  s0.acc: 93.7500  s0.loss_bbox: 0.1051  s1.loss_cls: 0.1556  s1.acc: 95.3299  s1.loss_bbox: 0.1445  s2.loss_cls: 0.0791  s2.acc: 90.7195  s2.loss_bbox: 0.0908
2026/05/12 19:48:38 - mmengine - INFO - Epoch(train)  [1][ 600/8547]  lr: 2.5000e-03  eta: 1 day, 2:06:59  time: 0.8769  data_time: 0.0056  memory: 6762  loss: 0.8966  loss_rpn_cls: 0.0681  loss_rpn_bbox: 0.0458  s0.loss_cls: 0.2416  s0.acc: 95.2148  s0.loss_bbox: 0.0915  s1.loss_cls: 0.1316  s1.acc: 93.4570  s1.loss_bbox: 0.1438  s2.loss_cls: 0.0684  s2.acc: 93.6523  s2.loss_bbox: 0.1057
2026/05/12 19:49:25 - mmengine - INFO - Epoch(train)  [1][ 650/8547]  lr: 2.5000e-03  eta: 1 day, 2:07:30  time: 0.9320  data_time: 0.0055  memory: 6555  loss: 0.9980  loss_rpn_cls: 0.0817  loss_rpn_bbox: 0.0522  s0.loss_cls: 0.2797  s0.acc: 88.5742  s0.loss_bbox: 0.1108  s1.loss_cls: 0.1436  s1.acc: 88.1140  s1.loss_bbox: 0.1521  s2.loss_cls: 0.0769  s2.acc: 87.5246  s2.loss_bbox: 0.1011
2026/05/12 19:50:11 - mmengine - INFO - Epoch(train)  [1][ 700/8547]  lr: 2.5000e-03  eta: 1 day, 2:06:30  time: 0.9209  data_time: 0.0063  memory: 7486  loss: 0.9120  loss_rpn_cls: 0.0505  loss_rpn_bbox: 0.0361  s0.loss_cls: 0.2730  s0.acc: 93.8477  s0.loss_bbox: 0.0969  s1.loss_cls: 0.1442  s1.acc: 95.9752  s1.loss_bbox: 0.1396  s2.loss_cls: 0.0754  s2.acc: 95.4592  s2.loss_bbox: 0.0963
2026/05/12 19:50:56 - mmengine - INFO - Epoch(train)  [1][ 750/8547]  lr: 2.5000e-03  eta: 1 day, 2:03:11  time: 0.9002  data_time: 0.0064  memory: 7070  loss: 0.9406  loss_rpn_cls: 0.0860  loss_rpn_bbox: 0.0406  s0.loss_cls: 0.2733  s0.acc: 97.7539  s0.loss_bbox: 0.0933  s1.loss_cls: 0.1426  s1.acc: 98.0943  s1.loss_bbox: 0.1357  s2.loss_cls: 0.0709  s2.acc: 97.8745  s2.loss_bbox: 0.0983
2026/05/12 19:51:41 - mmengine - INFO - Epoch(train)  [1][ 800/8547]  lr: 2.5000e-03  eta: 1 day, 2:00:27  time: 0.9027  data_time: 0.0056  memory: 6785  loss: 0.9394  loss_rpn_cls: 0.0478  loss_rpn_bbox: 0.0338  s0.loss_cls: 0.2712  s0.acc: 87.0117  s0.loss_bbox: 0.1033  s1.loss_cls: 0.1441  s1.acc: 85.4369  s1.loss_bbox: 0.1549  s2.loss_cls: 0.0766  s2.acc: 83.1299  s2.loss_bbox: 0.1077
2026/05/12 19:52:26 - mmengine - INFO - Epoch(train)  [1][ 850/8547]  lr: 2.5000e-03  eta: 1 day, 1:58:25  time: 0.9073  data_time: 0.0059  memory: 8958  loss: 0.9384  loss_rpn_cls: 0.0587  loss_rpn_bbox: 0.0408  s0.loss_cls: 0.2635  s0.acc: 95.2148  s0.loss_bbox: 0.1064  s1.loss_cls: 0.1371  s1.acc: 95.7113  s1.loss_bbox: 0.1546  s2.loss_cls: 0.0706  s2.acc: 96.3362  s2.loss_bbox: 0.1067
2026/05/12 19:53:12 - mmengine - INFO - Epoch(train)  [1][ 900/8547]  lr: 2.5000e-03  eta: 1 day, 1:57:13  time: 0.9147  data_time: 0.0061  memory: 8856  loss: 0.9923  loss_rpn_cls: 0.0685  loss_rpn_bbox: 0.0439  s0.loss_cls: 0.2814  s0.acc: 90.9180  s0.loss_bbox: 0.1089  s1.loss_cls: 0.1484  s1.acc: 89.2578  s1.loss_bbox: 0.1577  s2.loss_cls: 0.0773  s2.acc: 89.5303  s2.loss_bbox: 0.1062
2026/05/12 19:53:56 - mmengine - INFO - Epoch(train)  [1][ 950/8547]  lr: 2.5000e-03  eta: 1 day, 1:53:45  time: 0.8887  data_time: 0.0059  memory: 8532  loss: 0.9929  loss_rpn_cls: 0.0883  loss_rpn_bbox: 0.0399  s0.loss_cls: 0.2865  s0.acc: 91.7969  s0.loss_bbox: 0.1076  s1.loss_cls: 0.1504  s1.acc: 92.5051  s1.loss_bbox: 0.1498  s2.loss_cls: 0.0738  s2.acc: 89.2372  s2.loss_bbox: 0.0967
2026/05/12 19:54:40 - mmengine - INFO - Exp name: cascade-rcnn_r50_fpn_1x_coco_20260512_193911
2026/05/12 19:54:40 - mmengine - INFO - Epoch(train)  [1][1000/8547]  lr: 2.5000e-03  eta: 1 day, 1:49:05  time: 0.8714  data_time: 0.0056  memory: 7589  loss: 1.0078  loss_rpn_cls: 0.0641  loss_rpn_bbox: 0.0389  s0.loss_cls: 0.3011  s0.acc: 82.4219  s0.loss_bbox: 0.1126  s1.loss_cls: 0.1546  s1.acc: 77.1654  s1.loss_bbox: 0.1559  s2.loss_cls: 0.0757  s2.acc: 81.0784  s2.loss_bbox: 0.1047
2026/05/12 19:55:25 - mmengine - INFO - Epoch(train)  [1][1050/8547]  lr: 2.5000e-03  eta: 1 day, 1:47:09  time: 0.9007  data_time: 0.0064  memory: 7071  loss: 0.9180  loss_rpn_cls: 0.0786  loss_rpn_bbox: 0.0345  s0.loss_cls: 0.2611  s0.acc: 92.1875  s0.loss_bbox: 0.0961  s1.loss_cls: 0.1405  s1.acc: 91.7969  s1.loss_bbox: 0.1398  s2.loss_cls: 0.0730  s2.acc: 91.8945  s2.loss_bbox: 0.0944
2026/05/12 19:56:10 - mmengine - INFO - Epoch(train)  [1][1100/8547]  lr: 2.5000e-03  eta: 1 day, 1:45:40  time: 0.9051  data_time: 0.0059  memory: 8007  loss: 0.9939  loss_rpn_cls: 0.0689  loss_rpn_bbox: 0.0468  s0.loss_cls: 0.2816  s0.acc: 89.3555  s0.loss_bbox: 0.1134  s1.loss_cls: 0.1450  s1.acc: 86.8164  s1.loss_bbox: 0.1547  s2.loss_cls: 0.0743  s2.acc: 89.1602  s2.loss_bbox: 0.1093
2026/05/12 19:56:54 - mmengine - INFO - Epoch(train)  [1][1150/8547]  lr: 2.5000e-03  eta: 1 day, 1:42:12  time: 0.8771  data_time: 0.0062  memory: 9233  loss: 1.0624  loss_rpn_cls: 0.1148  loss_rpn_bbox: 0.0518  s0.loss_cls: 0.2976  s0.acc: 88.6719  s0.loss_bbox: 0.1080  s1.loss_cls: 0.1588  s1.acc: 89.6588  s1.loss_bbox: 0.1519  s2.loss_cls: 0.0810  s2.acc: 81.8947  s2.loss_bbox: 0.0985
2026/05/12 19:57:38 - mmengine - INFO - Epoch(train)  [1][1200/8547]  lr: 2.5000e-03  eta: 1 day, 1:38:42  time: 0.8736  data_time: 0.0058  memory: 6910  loss: 1.0107  loss_rpn_cls: 0.0943  loss_rpn_bbox: 0.0457  s0.loss_cls: 0.2908  s0.acc: 92.8711  s0.loss_bbox: 0.1082  s1.loss_cls: 0.1473  s1.acc: 92.8419  s1.loss_bbox: 0.1491  s2.loss_cls: 0.0741  s2.acc: 90.3846  s2.loss_bbox: 0.1012
2026/05/12 19:58:23 - mmengine - INFO - Epoch(train)  [1][1250/8547]  lr: 2.5000e-03  eta: 1 day, 1:37:29  time: 0.9040  data_time: 0.0058  memory: 7932  loss: 1.0841  loss_rpn_cls: 0.0842  loss_rpn_bbox: 0.0469  s0.loss_cls: 0.3045  s0.acc: 87.8906  s0.loss_bbox: 0.1225  s1.loss_cls: 0.1604  s1.acc: 87.0117  s1.loss_bbox: 0.1742  s2.loss_cls: 0.0817  s2.acc: 86.7188  s2.loss_bbox: 0.1097
2026/05/12 19:59:07 - mmengine - INFO - Epoch(train)  [1][1300/8547]  lr: 2.5000e-03  eta: 1 day, 1:34:45  time: 0.8801  data_time: 0.0061  memory: 7927  loss: 1.0485  loss_rpn_cls: 0.0517  loss_rpn_bbox: 0.0357  s0.loss_cls: 0.3222  s0.acc: 77.2461  s0.loss_bbox: 0.1231  s1.loss_cls: 0.1628  s1.acc: 75.5144  s1.loss_bbox: 0.1637  s2.loss_cls: 0.0838  s2.acc: 74.8209  s2.loss_bbox: 0.1057
2026/05/12 19:59:51 - mmengine - INFO - Epoch(train)  [1][1350/8547]  lr: 2.5000e-03  eta: 1 day, 1:31:32  time: 0.8699  data_time: 0.0066  memory: 8049  loss: 1.1055  loss_rpn_cls: 0.0480  loss_rpn_bbox: 0.0338  s0.loss_cls: 0.3408  s0.acc: 92.7734  s0.loss_bbox: 0.1228  s1.loss_cls: 0.1837  s1.acc: 93.4739  s1.loss_bbox: 0.1739  s2.loss_cls: 0.0913  s2.acc: 92.7419  s2.loss_bbox: 0.1111
